
> frontend@0.0.0 dev
> vite --host 127.0.0.1 --port 5174

Port 5174 is in use, trying another one...
Port 5175 is in use, trying another one...

  [32m[1mVITE[22m v8.0.13[39m  [2mready in [0m[1m204[22m[2m[0m ms[22m

  [32m➜[39m  [1mLocal[22m:   [36mhttp://127.0.0.1:[1m5176[22m/[39m
[2m09:40:42[22m [36m[1m[vite][22m[39m [90m[2m(client)[22m[39m [32mhmr update [39m[2m/src/domains/admin/pages/AdminDashboard.tsx[22m
[2m09:41:33[22m [36m[1m[vite][22m[39m [90m[2m(client)[22m[39m [32mhmr update [39m[2m/src/domains/moderator/pages/ModeratorDashboard.tsx[22m
[2m09:42:03[22m [36m[1m[vite][22m[39m [90m[2m(client)[22m[39m [32mhmr update [39m[2m/src/index.css[22m
[2m09:45:15[22m [36m[1m[vite][22m[39m [90m[2m(client)[22m[39m [32mhmr update [39m[2m/src/index.css[22m
[2m09:47:22[22m [36m[1m[vite][22m[39m [90m[2m(client)[22m[39m [32mhmr update [39m[2m/src/domains/admin/pages/AdminDashboard.tsx[22m
[2m09:47:38[22m [36m[1m[vite][22m[39m [90m[2m(client)[22m[39m [32mhmr update [39m[2m/src/domains/moderator/pages/ModeratorDashboard.tsx[22m
[2m09:48:19[22m [36m[1m[vite][22m[39m [90m[2m(client)[22m[39m [32mhmr update [39m[2m/src/domains/admin/pages/AdminDashboard.tsx[22m
[2m09:48:38[22m [36m[1m[vite][22m[39m [90m[2m(client)[22m[39m [32mhmr update [39m[2m/src/domains/moderator/pages/ModeratorDashboard.tsx[22m
[2m09:55:31[22m [36m[1m[vite][22m[39m [90m[2m(client)[22m[39m [32mhmr update [39m[2m/src/domains/auth/components/CompanyRegisterForm.tsx[22m
[2m09:55:54[22m [36m[1m[vite][22m[39m [90m[2m(client)[22m[39m [32mhmr update [39m[2m/src/domains/auth/components/CompanyRegisterForm.tsx[22m
[2m09:56:25[22m [36m[1m[vite][22m[39m [90m[2m(client)[22m[39m [32mhmr update [39m[2m/src/domains/admin/pages/AdminDashboard.tsx[22m
[2m09:56:49[22m [36m[1m[vite][22m[39m [90m[2m(client)[22m[39m [32mhmr update [39m[2m/src/domains/admin/pages/AdminDashboard.tsx[22m
[2m09:58:00[22m [36m[1m[vite][22m[39m [90m[2m(client)[22m[39m [32mhmr update [39m[2m/src/index.css[22m
[2m10:02:50[22m [36m[1m[vite][22m[39m [90m[2m(client)[22m[39m [32mhmr update [39m[2m/src/domains/auth/components/RegisterForm.tsx[22m
[2m10:03:09[22m [36m[1m[vite][22m[39m [90m[2m(client)[22m[39m [32mhmr update [39m[2m/src/domains/auth/components/RegisterForm.tsx[22m
[2m10:03:22[22m [36m[1m[vite][22m[39m [90m[2m(client)[22m[39m [32mhmr update [39m[2m/src/domains/auth/components/RegisterForm.tsx[22m
[2m10:03:33[22m [36m[1m[vite][22m[39m [90m[2m(client)[22m[39m [32mhmr update [39m[2m/src/domains/admin/pages/AdminDashboard.tsx[22m
[2m10:03:42[22m [36m[1m[vite][22m[39m [90m[2m(client)[22m[39m [32mhmr update [39m[2m/src/domains/admin/pages/AdminDashboard.tsx[22m
[2m10:03:53[22m [36m[1m[vite][22m[39m [90m[2m(client)[22m[39m [32mhmr update [39m[2m/src/domains/admin/pages/AdminDashboard.tsx[22m
[2m10:11:10[22m [36m[1m[vite][22m[39m [90m[2m(client)[22m[39m [32mhmr update [39m[2m/src/app/Router.tsx[22m
[2m10:11:18[22m [36m[1m[vite][22m[39m [90m[2m(client)[22m[39m [32mhmr update [39m[2m/src/domains/admin/pages/AdminDashboard.tsx[22m
[2m10:11:32[22m [36m[1m[vite][22m[39m [90m[2m(client)[22m[39m [32mhmr update [39m[2m/src/domains/moderator/pages/ModeratorDashboard.tsx[22m
[2m10:16:25[22m [36m[1m[vite][22m[39m [90m[2m(client)[22m[39m [32mhmr update [39m[2m/src/domains/moderator/pages/ModeratorDashboard.tsx[22m
[2m10:16:40[22m [36m[1m[vite][22m[39m [90m[2m(client)[22m[39m [32mhmr update [39m[2m/src/domains/moderator/pages/ModeratorDashboard.tsx[22m
[2m10:17:24[22m [36m[1m[vite][22m[39m [90m[2m(client)[22m[39m [32mhmr update [39m[2m/src/domains/moderator/pages/ModeratorDashboard.tsx[22m
[2m10:17:50[22m [36m[1m[vite][22m[39m [90m[2m(client)[22m[39m [32mhmr update [39m[2m/src/domains/moderator/pages/ModeratorDashboard.tsx[22m
[2m10:18:00[22m [36m[1m[vite][22m[39m [90m[2m(client)[22m[39m [32mhmr update [39m[2m/src/domains/moderator/pages/ModeratorDashboard.tsx[22m
[2m10:18:17[22m [36m[1m[vite][22m[39m [90m[2m(client)[22m[39m [32mhmr update [39m[2m/src/domains/moderator/pages/ModeratorDashboard.tsx[22m
[2m10:18:31[22m [36m[1m[vite][22m[39m [90m[2m(client)[22m[39m [32mhmr update [39m[2m/src/domains/moderator/pages/ModeratorDashboard.tsx[22m
[2m10:18:54[22m [36m[1m[vite][22m[39m [90m[2m(client)[22m[39m [32mhmr update [39m[2m/src/domains/moderator/pages/ModeratorDashboard.tsx[22m
[2m10:19:19[22m [36m[1m[vite][22m[39m [90m[2m(client)[22m[39m [32mhmr update [39m[2m/src/domains/moderator/pages/ModeratorDashboard.tsx[22m
[2m10:19:30[22m [36m[1m[vite][22m[39m [90m[2m(client)[22m[39m [32mhmr update [39m[2m/src/domains/moderator/pages/ModeratorDashboard.tsx[22m
[2m10:20:07[22m [36m[1m[vite][22m[39m [90m[2m(client)[22m[39m [32mhmr update [39m[2m/src/domains/moderator/pages/ModeratorDashboard.tsx[22m
[2m10:31:08[22m [36m[1m[vite][22m[39m [90m[2m(client)[22m[39m [32mhmr update [39m[2m/src/domains/admin/pages/AdminDashboard.tsx[22m
[2m10:31:38[22m [36m[1m[vite][22m[39m [90m[2m(client)[22m[39m [32mhmr update [39m[2m/src/domains/admin/pages/AdminDashboard.tsx[22m
[2m10:31:54[22m [36m[1m[vite][22m[39m [90m[2m(client)[22m[39m [32mhmr update [39m[2m/src/domains/admin/pages/AdminDashboard.tsx[22m
[2m10:32:09[22m [36m[1m[vite][22m[39m [90m[2m(client)[22m[39m [32mhmr update [39m[2m/src/domains/admin/pages/AdminDashboard.tsx[22m
[2m10:32:28[22m [36m[1m[vite][22m[39m [90m[2m(client)[22m[39m [32mhmr update [39m[2m/src/domains/admin/pages/AdminDashboard.tsx[22m
[2m10:32:41[22m [36m[1m[vite][22m[39m [90m[2m(client)[22m[39m [32mhmr update [39m[2m/src/domains/admin/pages/AdminDashboard.tsx[22m
[2m10:33:06[22m [36m[1m[vite][22m[39m [90m[2m(client)[22m[39m [32mhmr update [39m[2m/src/domains/admin/pages/AdminDashboard.tsx[22m
[2m10:33:21[22m [36m[1m[vite][22m[39m [90m[2m(client)[22m[39m [32mhmr update [39m[2m/src/index.css[22m
[2m10:33:58[22m [36m[1m[vite][22m[39m [90m[2m(client)[22m[39m [32mhmr update [39m[2m/src/domains/moderator/pages/ModeratorDashboard.tsx[22m
[2m10:34:23[22m [36m[1m[vite][22m[39m [90m[2m(client)[22m[39m [32mhmr update [39m[2m/src/domains/moderator/pages/ModeratorDashboard.tsx[22m
[2m10:35:11[22m [36m[1m[vite][22m[39m [90m[2m(client)[22m[39m [32mhmr update [39m[2m/src/domains/moderator/pages/ModeratorDashboard.tsx[22m
[2m10:35:54[22m [36m[1m[vite][22m[39m [90m[2m(client)[22m[39m [32mhmr update [39m[2m/src/domains/moderator/pages/ModeratorDashboard.tsx[22m
[2m10:36:08[22m [36m[1m[vite][22m[39m [90m[2m(client)[22m[39m [32mhmr update [39m[2m/src/domains/moderator/pages/ModeratorDashboard.tsx[22m
[2m14:25:05[22m [36m[1m[vite][22m[39m [90m[2m(client)[22m[39m [32mhmr update [39m[2m/src/domains/companies/pages/CompanyDashboard.tsx, /src/domains/companies/pages/CompanyEvents.tsx[22m
[2m14:25:16[22m [36m[1m[vite][22m[39m [90m[2m(client)[22m[39m [32mhmr update [39m[2m/src/domains/companies/pages/CompanyDashboard.tsx, /src/domains/companies/pages/CompanyEvents.tsx[22m
[2m14:25:41[22m [36m[1m[vite][22m[39m [90m[2m(client)[22m[39m [32mhmr update [39m[2m/src/shared/components/layout/Header.tsx[22m
[2m14:25:57[22m [36m[1m[vite][22m[39m [90m[2m(client)[22m[39m [32mhmr update [39m[2m/src/shared/components/layout/Header.tsx[22m
[2m14:26:04[22m [36m[1m[vite][22m[39m [90m[2m(client)[22m[39m [32mhmr update [39m[2m/src/shared/components/layout/HeaderCompany.tsx[22m
[2m14:26:14[22m [36m[1m[vite][22m[39m [90m[2m(client)[22m[39m [32mhmr update [39m[2m/src/shared/components/layout/HeaderCompany.tsx[22m
[2m14:26:32[22m [36m[1m[vite][22m[39m [90m[2m(client)[22m[39m [32mhmr update [39m[2m/src/domains/events/pages/Home.tsx[22m
[2m14:26:46[22m [36m[1m[vite][22m[39m [90m[2m(client)[22m[39m [32mhmr update [39m[2m/src/domains/notifications/components/NotificationCenter.tsx[22m
[2m14:32:57[22m [36m[1m[vite][22m[39m [90m[2m(client)[22m[39m [32mhmr update [39m[2m/src/domains/auth/components/LoginForm.tsx[22m
[2m14:33:48[22m [36m[1m[vite][22m[39m [90m[2m(client)[22m[39m [32mhmr update [39m[2m/src/app/Router.tsx[22m
[2m14:34:03[22m [36m[1m[vite][22m[39m [90m[2m(client)[22m[39m [32mhmr update [39m[2m/src/shared/components/layout/HeaderPublic.tsx[22m
[2m14:34:03[22m [36m[1m[vite][22m[39m [90m[2m(client)[22m[39m [32mhmr update [39m[2m/src/shared/components/layout/HeaderUser.tsx[22m
[2m14:34:14[22m [36m[1m[vite][22m[39m [90m[2m(client)[22m[39m [32mhmr update [39m[2m/src/domains/admin/pages/AdminDashboard.tsx[22m
[2m14:34:30[22m [36m[1m[vite][22m[39m [90m[2m(client)[22m[39m [32mhmr update [39m[2m/src/domains/companies/pages/CompanyEvents.tsx[22m
[2m14:34:53[22m [36m[1m[vite][22m[39m [90m[2m(client)[22m[39m [32mhmr update [39m[2m/src/domains/moderator/pages/ModeratorDashboard.tsx[22m
[2m14:35:03[22m [36m[1m[vite][22m[39m [90m[2m(client)[22m[39m [32mhmr update [39m[2m/src/domains/user/components/UserProfileForm.tsx[22m
[2m14:35:15[22m [36m[1m[vite][22m[39m [90m[2m(client)[22m[39m [32mhmr update [39m[2m/src/domains/auth/pages/ForgotPassword.tsx[22m
[2m14:35:15[22m [36m[1m[vite][22m[39m [90m[2m(client)[22m[39m [32mhmr update [39m[2m/src/app/Router.tsx, /src/domains/events/pages/Home.tsx, /src/domains/auth/pages/ForgotPassword.tsx, /src/domains/auth/pages/ResetPassword.tsx, /src/domains/user/components/ChangePassword.tsx, /src/domains/companies/pages/CompanyDashboard.tsx, /src/domains/companies/pages/CompanyProfile.tsx, /src/domains/admin/pages/AdminDashboard.tsx, /src/domains/moderator/pages/ModeratorDashboard.tsx, /src/domains/companies/pages/CompanyEvents.tsx, /src/domains/user/pages/Favorites.tsx and 12 more[22m
[2m14:35:15[22m [36m[1m[vite][22m[39m [90m[2m(client)[22m[39m [32mhmr update [39m[2m/src/index.css[22m
[2m14:41:34[22m [36m[1m[vite][22m[39m [90m[2m(client)[22m[39m [32mhmr update [39m[2m/src/app/Router.tsx[22m
[2m14:55:04[22m [36m[1m[vite][22m[39m [90m[2m(client)[22m[39m [32mhmr update [39m[2m/src/app/Router.tsx[22m
[2m14:56:19[22m [36m[1m[vite][22m[39m [90m[2m(client)[22m[39m [32mhmr update [39m[2m/src/shared/components/layout/HeaderPublic.tsx[22m
[2m14:56:19[22m [36m[1m[vite][22m[39m [90m[2m(client)[22m[39m [32mhmr update [39m[2m/src/shared/components/layout/HeaderUser.tsx[22m
[2m14:56:19[22m [36m[1m[vite][22m[39m [90m[2m(client)[22m[39m [32mhmr update [39m[2m/src/shared/components/layout/HeaderCompany.tsx[22m
[2m14:56:42[22m [36m[1m[vite][22m[39m [90m[2m(client)[22m[39m [32mhmr update [39m[2m/src/domains/auth/pages/Register.tsx[22m
[2m14:56:42[22m [36m[1m[vite][22m[39m [90m[2m(client)[22m[39m [32mhmr update [39m[2m/src/domains/auth/components/LoginForm.tsx[22m
[2m14:56:42[22m [36m[1m[vite][22m[39m [90m[2m(client)[22m[39m [32mhmr update [39m[2m/src/domains/auth/pages/ForgotPassword.tsx[22m
[2m14:57:09[22m [36m[1m[vite][22m[39m [90m[2m(client)[22m[39m [32mhmr update [39m[2m/src/domains/user/components/UserProfileForm.tsx[22m
[2m14:57:18[22m [36m[1m[vite][22m[39m [90m[2m(client)[22m[39m [32mhmr update [39m[2m/src/domains/user/components/UserProfileForm.tsx[22m
[2m14:57:26[22m [36m[1m[vite][22m[39m [90m[2m(client)[22m[39m [32mhmr update [39m[2m/src/domains/user/components/UserProfileForm.tsx[22m
[2m14:57:47[22m [36m[1m[vite][22m[39m [90m[2m(client)[22m[39m [32mhmr update [39m[2m/src/domains/companies/pages/CompanyEvents.tsx[22m
[2m14:57:59[22m [36m[1m[vite][22m[39m [90m[2m(client)[22m[39m [32mhmr update [39m[2m/src/domains/admin/pages/AdminDashboard.tsx[22m
[2m14:58:10[22m [36m[1m[vite][22m[39m [90m[2m(client)[22m[39m [32mhmr update [39m[2m/src/domains/admin/pages/AdminDashboard.tsx[22m
[2m14:58:24[22m [36m[1m[vite][22m[39m [90m[2m(client)[22m[39m [32mhmr update [39m[2m/src/domains/admin/pages/AdminDashboard.tsx[22m
[2m14:59:08[22m [36m[1m[vite][22m[39m [90m[2m(client)[22m[39m [32mhmr update [39m[2m/src/domains/admin/pages/AdminDashboard.tsx[22m
[2m15:00:14[22m [36m[1m[vite][22m[39m [90m[2m(client)[22m[39m [32mhmr update [39m[2m/src/domains/admin/pages/AdminDashboard.tsx[22m
[2m15:01:03[22m [36m[1m[vite][22m[39m [90m[2m(client)[22m[39m [32mhmr update [39m[2m/src/domains/admin/pages/AdminDashboard.tsx[22m
[2m15:02:02[22m [36m[1m[vite][22m[39m [90m[2m(client)[22m[39m [32mhmr update [39m[2m/src/domains/companies/pages/CompanyEvents.tsx[22m
[2m15:02:29[22m [36m[1m[vite][22m[39m [90m[2m(client)[22m[39m [32mhmr update [39m[2m/src/domains/companies/pages/CompanyEvents.tsx[22m
[2m15:03:56[22m [36m[1m[vite][22m[39m [90m[2m(client)[22m[39m [32mhmr update [39m[2m/src/domains/auth/components/CompanyRegisterForm.tsx[22m
[2m15:04:20[22m [36m[1m[vite][22m[39m [90m[2m(client)[22m[39m [32mhmr update [39m[2m/src/index.css[22m
[2m15:04:39[22m [36m[1m[vite][22m[39m [90m[2m(client)[22m[39m [32mhmr update [39m[2m/src/index.css[22m
[2m15:05:08[22m [36m[1m[vite][22m[39m [90m[2m(client)[22m[39m [32mhmr update [39m[2m/src/domains/auth/components/LoginForm.tsx[22m
[2m15:05:08[22m [36m[1m[vite][22m[39m [90m[2m(client)[22m[39m [32mhmr update [39m[2m/src/domains/auth/pages/ForgotPassword.tsx[22m
[2m15:05:08[22m [36m[1m[vite][22m[39m [90m[2m(client)[22m[39m [32mhmr update [39m[2m/src/domains/admin/pages/AdminDashboard.tsx[22m
