
> frontend@0.0.0 dev
> vite --host 127.0.0.1 --port 5173

[2m10:42:44[22m [36m[1m[vite][22m[39m [90m[2m(client)[22m[39m Re-optimizing dependencies because vite config has changed

  [32m[1mVITE[22m v8.0.13[39m  [2mready in [0m[1m211[22m[2m[0m ms[22m

  [32m➜[39m  [1mLocal[22m:   [36mhttp://127.0.0.1:[1m5173[22m/[39m
[2m10:49:47[22m [36m[1m[vite][22m[39m [90m[2m(client)[22m[39m [32mhmr update [39m[2m/src/domains/companies/pages/CompanyProfile.tsx, /src/domains/auth/pages/ResetPassword.tsx, /src/domains/user/components/ChangePassword.tsx, /src/domains/events/pages/Home.tsx, /src/domains/companies/pages/CompanyEvents.tsx, /src/domains/companies/pages/CompanyDashboard.tsx, /src/domains/user/pages/Favorites.tsx, /src/domains/admin/pages/AdminDashboard.tsx, /src/domains/auth/pages/ForgotPassword.tsx, /src/domains/user/pages/History.tsx, /src/domains/auth/components/CompanyRegisterForm.tsx and 7 more[22m
[2m10:50:18[22m [36m[1m[vite][22m[39m [90m[2m(client)[22m[39m [32mhmr update [39m[2m/src/domains/user/components/ChangePassword.tsx, /src/domains/admin/pages/AdminDashboard.tsx, /src/domains/companies/pages/CompanyProfile.tsx, /src/domains/auth/pages/ResetPassword.tsx, /src/domains/events/pages/Home.tsx, /src/domains/companies/pages/CompanyEvents.tsx, /src/domains/companies/pages/CompanyDashboard.tsx, /src/domains/user/pages/Favorites.tsx, /src/domains/auth/pages/ForgotPassword.tsx, /src/domains/user/pages/History.tsx, /src/domains/auth/components/CompanyRegisterForm.tsx and 7 more[22m
[2m10:50:18[22m [36m[1m[vite][22m[39m [90m[2m(client)[22m[39m [32mhmr update [39m[2m/src/domains/user/components/ChangePassword.tsx, /src/domains/admin/pages/AdminDashboard.tsx, /src/domains/companies/pages/CompanyProfile.tsx, /src/domains/auth/pages/ResetPassword.tsx, /src/domains/events/pages/Home.tsx, /src/domains/companies/pages/CompanyEvents.tsx, /src/domains/companies/pages/CompanyDashboard.tsx, /src/domains/user/pages/Favorites.tsx, /src/domains/auth/pages/ForgotPassword.tsx, /src/domains/user/pages/History.tsx, /src/domains/auth/components/CompanyRegisterForm.tsx and 7 more[22m
[2m10:50:47[22m [36m[1m[vite][22m[39m [90m[2m(client)[22m[39m [32mhmr update [39m[2m/src/domains/companies/pages/CompanyProfile.tsx, /src/domains/auth/pages/ResetPassword.tsx, /src/domains/user/components/ChangePassword.tsx, /src/domains/events/pages/Home.tsx, /src/domains/companies/pages/CompanyEvents.tsx, /src/domains/companies/pages/CompanyDashboard.tsx, /src/domains/user/pages/Favorites.tsx, /src/domains/admin/pages/AdminDashboard.tsx, /src/domains/auth/pages/ForgotPassword.tsx, /src/domains/user/pages/History.tsx, /src/domains/auth/components/CompanyRegisterForm.tsx and 7 more[22m
[2m10:50:47[22m [36m[1m[vite][22m[39m [90m[2m(client)[22m[39m [32mhmr update [39m[2m/src/domains/companies/pages/CompanyProfile.tsx, /src/domains/auth/pages/ResetPassword.tsx, /src/domains/user/components/ChangePassword.tsx, /src/domains/events/pages/Home.tsx, /src/domains/companies/pages/CompanyEvents.tsx, /src/domains/companies/pages/CompanyDashboard.tsx, /src/domains/user/pages/Favorites.tsx, /src/domains/admin/pages/AdminDashboard.tsx, /src/domains/auth/pages/ForgotPassword.tsx, /src/domains/user/pages/History.tsx, /src/domains/auth/components/CompanyRegisterForm.tsx and 7 more[22m
[2m10:50:47[22m [36m[1m[vite][22m[39m [90m[2m(client)[22m[39m [32mhmr update [39m[2m/src/domains/companies/pages/CompanyProfile.tsx, /src/domains/auth/pages/ResetPassword.tsx, /src/domains/user/components/ChangePassword.tsx, /src/domains/events/pages/Home.tsx, /src/domains/companies/pages/CompanyEvents.tsx, /src/domains/companies/pages/CompanyDashboard.tsx, /src/domains/user/pages/Favorites.tsx, /src/domains/admin/pages/AdminDashboard.tsx, /src/domains/auth/pages/ForgotPassword.tsx, /src/domains/user/pages/History.tsx, /src/domains/auth/components/CompanyRegisterForm.tsx and 7 more[22m
[2m10:53:19[22m [36m[1m[vite][22m[39m [90m[2m(client)[22m[39m [32mhmr update [39m[2m/src/domains/companies/pages/CompanyProfile.tsx, /src/domains/auth/pages/ResetPassword.tsx, /src/domains/user/components/ChangePassword.tsx, /src/domains/events/pages/Home.tsx, /src/domains/companies/pages/CompanyEvents.tsx, /src/domains/companies/pages/CompanyDashboard.tsx, /src/domains/user/pages/Favorites.tsx, /src/domains/admin/pages/AdminDashboard.tsx, /src/domains/auth/pages/ForgotPassword.tsx, /src/domains/user/pages/History.tsx, /src/domains/auth/components/CompanyRegisterForm.tsx and 7 more[22m
[2m10:53:20[22m [36m[1m[vite][22m[39m [90m[2m(client)[22m[39m [32mhmr update [39m[2m/src/domains/companies/pages/CompanyProfile.tsx, /src/domains/auth/pages/ResetPassword.tsx, /src/domains/user/components/ChangePassword.tsx, /src/domains/events/pages/Home.tsx, /src/domains/companies/pages/CompanyEvents.tsx, /src/domains/companies/pages/CompanyDashboard.tsx, /src/domains/user/pages/Favorites.tsx, /src/domains/admin/pages/AdminDashboard.tsx, /src/domains/auth/pages/ForgotPassword.tsx, /src/domains/user/pages/History.tsx, /src/domains/auth/components/CompanyRegisterForm.tsx and 7 more[22m
[2m10:53:33[22m [36m[1m[vite][22m[39m [90m[2m(client)[22m[39m [32mpage reload [39m[2msrc/domains/notifications/services/emailProviders.ts[22m
[2m10:54:05[22m [36m[1m[vite][22m[39m [90m[2m(client)[22m[39m [32mhmr update [39m[2m/src/domains/notifications/components/NotificationCenter.tsx[22m
[2m10:54:25[22m [36m[1m[vite][22m[39m [90m[2m(client)[22m[39m [32mhmr update [39m[2m/src/domains/admin/pages/AdminDashboard.tsx[22m
[2m10:54:40[22m [36m[1m[vite][22m[39m [90m[2m(client)[22m[39m [32mhmr update [39m[2m/src/domains/user/components/ChangePassword.tsx[22m
[2m10:54:53[22m [36m[1m[vite][22m[39m [90m[2m(client)[22m[39m [32mpage reload [39m[2msrc/domains/notifications/services/emailProviders.ts[22m
[2m10:55:05[22m [36m[1m[vite][22m[39m [90m[2m(client)[22m[39m [32mpage reload [39m[2msrc/domains/notifications/services/emailProviders.ts[22m
[2m11:13:13[22m [36m[1m[vite][22m[39m [90m[2m(client)[22m[39m [32mhmr update [39m[2m/src/app/Router.tsx[22m
[2m11:13:27[22m [36m[1m[vite][22m[39m [90m[2m(client)[22m[39m [32mhmr update [39m[2m/src/domains/events/pages/Home.tsx[22m
[2m11:13:37[22m [36m[1m[vite][22m[39m [90m[2m(client)[22m[39m [32mhmr update [39m[2m/src/domains/events/components/EventMap.tsx[22m
[2m11:13:47[22m [36m[1m[vite][22m[39m [90m[2m(client)[22m[39m [32mhmr update [39m[2m/src/domains/user/pages/Favorites.tsx[22m
[2m11:13:57[22m [36m[1m[vite][22m[39m [90m[2m(client)[22m[39m [32mhmr update [39m[2m/src/domains/user/pages/History.tsx[22m
[2m11:14:17[22m [36m[1m[vite][22m[39m [90m[2m(client)[22m[39m [32mhmr update [39m[2m/src/domains/admin/pages/AdminDashboard.tsx[22m
[2m11:14:30[22m [36m[1m[vite][22m[39m [90m[2m(client)[22m[39m [32mhmr update [39m[2m/src/domains/admin/pages/AdminDashboard.tsx[22m
[2m11:14:38[22m [36m[1m[vite][22m[39m [90m[2m(client)[22m[39m [32mhmr update [39m[2m/src/domains/admin/pages/AdminDashboard.tsx[22m
[2m11:14:53[22m [36m[1m[vite][22m[39m [90m[2m(client)[22m[39m [32mhmr update [39m[2m/src/domains/admin/pages/AdminDashboard.tsx[22m
[2m11:15:01[22m [36m[1m[vite][22m[39m [90m[2m(client)[22m[39m [32mhmr update [39m[2m/src/domains/admin/pages/AdminDashboard.tsx[22m
[2m11:15:20[22m [36m[1m[vite][22m[39m [90m[2m(client)[22m[39m [32mhmr update [39m[2m/src/domains/companies/pages/CompanyDashboard.tsx[22m
[2m11:15:26[22m [36m[1m[vite][22m[39m [90m[2m(client)[22m[39m [32mhmr update [39m[2m/src/domains/companies/pages/CompanyProfile.tsx[22m
[2m11:15:32[22m [36m[1m[vite][22m[39m [90m[2m(client)[22m[39m [32mhmr update [39m[2m/src/domains/companies/pages/CompanyEvents.tsx[22m
[2m11:15:39[22m [36m[1m[vite][22m[39m [90m[2m(client)[22m[39m [32mhmr update [39m[2m/src/domains/events/components/EventPopup.tsx[22m
[2m11:15:48[22m [36m[1m[vite][22m[39m [90m[2m(client)[22m[39m [32mhmr update [39m[2m/src/domains/companies/pages/CompanyProfile.tsx, /src/domains/auth/pages/ResetPassword.tsx, /src/domains/user/components/ChangePassword.tsx, /src/domains/events/pages/Home.tsx, /src/domains/companies/pages/CompanyEvents.tsx, /src/domains/companies/pages/CompanyDashboard.tsx, /src/domains/user/pages/Favorites.tsx, /src/domains/admin/pages/AdminDashboard.tsx, /src/domains/auth/pages/ForgotPassword.tsx, /src/domains/user/pages/History.tsx, /src/domains/auth/components/CompanyRegisterForm.tsx and 7 more[22m
[2m11:15:57[22m [36m[1m[vite][22m[39m [90m[2m(client)[22m[39m [32mhmr update [39m[2m/src/index.css[22m
[2m11:16:31[22m [36m[1m[vite][22m[39m [90m[2m(client)[22m[39m [32mhmr update [39m[2m/src/domains/admin/pages/AdminDashboard.tsx[22m
[2m11:17:19[22m [36m[1m[vite][22m[39m [90m[2m(client)[22m[39m [32mhmr update [39m[2m/src/domains/companies/pages/CompanyProfile.tsx, /src/domains/auth/pages/ResetPassword.tsx, /src/domains/user/components/ChangePassword.tsx, /src/domains/events/pages/Home.tsx, /src/domains/companies/pages/CompanyEvents.tsx, /src/domains/companies/pages/CompanyDashboard.tsx, /src/domains/user/pages/Favorites.tsx, /src/domains/admin/pages/AdminDashboard.tsx, /src/domains/auth/pages/ForgotPassword.tsx, /src/domains/user/pages/History.tsx, /src/domains/auth/components/CompanyRegisterForm.tsx and 8 more[22m
[2m11:27:17[22m [36m[1m[vite][22m[39m [90m[2m(client)[22m[39m [32mhmr update [39m[2m/src/domains/companies/pages/CompanyProfile.tsx, /src/domains/auth/pages/ResetPassword.tsx, /src/domains/user/components/ChangePassword.tsx, /src/domains/events/pages/Home.tsx, /src/domains/companies/pages/CompanyEvents.tsx, /src/domains/companies/pages/CompanyDashboard.tsx, /src/domains/user/pages/Favorites.tsx, /src/domains/admin/pages/AdminDashboard.tsx, /src/domains/auth/pages/ForgotPassword.tsx, /src/domains/user/pages/History.tsx, /src/domains/auth/components/CompanyRegisterForm.tsx and 8 more[22m
[2m11:27:50[22m [36m[1m[vite][22m[39m [90m[2m(client)[22m[39m [32mhmr update [39m[2m/src/domains/user/components/ChangePassword.tsx, /src/domains/admin/pages/AdminDashboard.tsx, /src/domains/companies/pages/CompanyProfile.tsx, /src/domains/auth/pages/ResetPassword.tsx, /src/domains/events/pages/Home.tsx, /src/domains/companies/pages/CompanyEvents.tsx, /src/domains/companies/pages/CompanyDashboard.tsx, /src/domains/user/pages/Favorites.tsx, /src/domains/auth/pages/ForgotPassword.tsx, /src/domains/user/pages/History.tsx, /src/domains/auth/components/CompanyRegisterForm.tsx and 8 more[22m
[2m11:27:58[22m [36m[1m[vite][22m[39m [90m[2m(client)[22m[39m [32mhmr update [39m[2m/src/domains/auth/components/RegisterForm.tsx[22m
[2m11:28:09[22m [36m[1m[vite][22m[39m [90m[2m(client)[22m[39m [32mhmr update [39m[2m/src/domains/auth/components/CompanyRegisterForm.tsx[22m
